Using pre-set license

 COMMAND LINE ARGUMENTS:
/Applications/Unity/Hub/Editor/2020.3.2f1/Unity.app/Contents/MacOS/Unity
-adb2
-batchMode
-noUpm
-name
AssetImportWorker0
-projectPath
/Users/yoonhayeon/Documents/GitHub/IMP-AR-Project
-logFile
Logs/AssetImportWorker0.log
-srvPort
59632
Successfully changed project path to: /Users/yoonhayeon/Documents/GitHub/IMP-AR-Project
/Users/yoonhayeon/Documents/GitHub/IMP-AR-Project
Using Asset Import Pipeline V2.
Refreshing native plugins compatible for Editor in 25.26 ms, found 1 plugins.
Preloading 0 native plugins for Editor in 0.00 ms.
Initialize engine version: 2020.3.2f1 (8fd9074bf66c)
[Subsystems] Discovering subsystems at path /Applications/Unity/Hub/Editor/2020.3.2f1/Unity.app/Contents/Resources/UnitySubsystems
[Subsystems] Discovering subsystems at path /Users/yoonhayeon/Documents/GitHub/IMP-AR-Project/Assets
GfxDevice: creating device client; threaded=0
2021-04-07 03:12:26.047 Unity[8774:540313] iMac preferred device: AMD Radeon Pro 560 (high power)
2021-04-07 03:12:26.047 Unity[8774:540313] Metal devices available: 1
2021-04-07 03:12:26.047 Unity[8774:540313] 0: AMD Radeon Pro 560 (high power)
2021-04-07 03:12:26.049 Unity[8774:540313] Using device AMD Radeon Pro 560 (high power)
Initializing Metal device caps: AMD Radeon Pro 560
Initialize mono
Mono path[0] = '/Applications/Unity/Hub/Editor/2020.3.2f1/Unity.app/Contents/Managed'
Mono path[1] = '/Applications/Unity/Hub/Editor/2020.3.2f1/Unity.app/Contents/MonoBleedingEdge/lib/mono/unityjit'
Mono config path = '/Applications/Unity/Hub/Editor/2020.3.2f1/Unity.app/Contents/MonoBleedingEdge/etc'
Using monoOptions --debugger-agent=transport=dt_socket,embedding=1,server=y,suspend=n,address=127.0.0.1:56774
Begin MonoManager ReloadAssembly
Registering precompiled unity dll's ...
Register platform support module: /Applications/Unity/Hub/Editor/2020.3.2f1/Unity.app/Contents/PlaybackEngines/MacStandaloneSupport/UnityEditor.OSXStandalone.Extensions.dll
Register platform support module: /Applications/Unity/Hub/Editor/2020.3.2f1/PlaybackEngines/WindowsStandaloneSupport/UnityEditor.WindowsStandalone.Extensions.dll
Registered in 0.000626 seconds.
Native extension for WindowsStandalone target not found
Native extension for OSXStandalone target not found
Refreshing native plugins compatible for Editor in 25.19 ms, found 1 plugins.
Preloading 0 native plugins for Editor in 0.00 ms.
Invoked RoslynAnalysisRunner static constructor.
RoslynAnalysisRunner will not be running.
RoslynAnalysisRunner has terminated.
Mono: successfully reloaded assembly
- Completed reload, in  2.814 seconds
Platform modules already initialized, skipping
Registering precompiled user dll's ...
Registered in 0.000349 seconds.
Begin MonoManager ReloadAssembly
Native extension for WindowsStandalone target not found
Native extension for OSXStandalone target not found
Refreshing native plugins compatible for Editor in 23.49 ms, found 1 plugins.
Preloading 0 native plugins for Editor in 0.00 ms.
Invoked RoslynAnalysisRunner static constructor.
RoslynAnalysisRunner will not be running.
RoslynAnalysisRunner has terminated.
Mono: successfully reloaded assembly
- Completed reload, in  0.946 seconds
Platform modules already initialized, skipping
========================================================================
Worker process is ready to serve import requests
Launching external process: /Applications/Unity/Hub/Editor/2020.3.2f1/Unity.app/Contents/Tools/UnityShaderCompiler
Launched and connected shader compiler UnityShaderCompiler after 0.01 seconds
Refreshing native plugins compatible for Editor in 0.32 ms, found 1 plugins.
Preloading 0 native plugins for Editor in 0.00 ms.
Unloading 1568 Unused Serialized files (Serialized files now loaded: 0)
System memory in use before: 131.4 MB.
System memory in use after: 131.5 MB.

Unloading 10 unused Assets to reduce memory usage. Loaded Objects now: 2012.
Total: 2.339188 ms (FindLiveObjects: 0.165863 ms CreateObjectMapping: 0.048204 ms MarkObjects: 2.063308 ms  DeleteObjects: 0.060981 ms)

========================================================================
Received Import Request.
  path: Assets/Scenes/Lobby.unity
  artifactKey: Guid(88dc7b656ba25444d88f66cda45e20ed) Importer(815301076,1909f56bfc062723c751e8b465ee728b)
Start importing Assets/Scenes/Lobby.unity using Guid(88dc7b656ba25444d88f66cda45e20ed) Importer(815301076,1909f56bfc062723c751e8b465ee728b)  -> (artifact id: '3ba1bc0494583679017c8fc810689b4d') in 0.009271 seconds
  Import took 0.011214 seconds .

========================================================================
Received Import Request.
  Time since last request: 0.000277 seconds.
  path: Assets/Scenes
  artifactKey: Guid(1d64cd0fa6c2b4ec893f65d19da13c0e) Importer(815301076,1909f56bfc062723c751e8b465ee728b)
Start importing Assets/Scenes using Guid(1d64cd0fa6c2b4ec893f65d19da13c0e) Importer(815301076,1909f56bfc062723c751e8b465ee728b)  -> (artifact id: 'b817777a5cf08e7f4820cacbc76b56e3') in 0.000629 seconds
  Import took 0.002123 seconds .

========================================================================
Received Import Request.
  Time since last request: 11.108916 seconds.
  path: Assets/Scripts/AR Systems
  artifactKey: Guid(2fffe213962da4310a58e6d449a5e041) Importer(815301076,1909f56bfc062723c751e8b465ee728b)
Start importing Assets/Scripts/AR Systems using Guid(2fffe213962da4310a58e6d449a5e041) Importer(815301076,1909f56bfc062723c751e8b465ee728b)  -> (artifact id: '46a3ac73e8208d52bbb92d07d04651b2') in 0.002280 seconds
  Import took 0.005097 seconds .

========================================================================
Received Import Request.
  Time since last request: 2.968265 seconds.
  path: Assets/Scripts/UI
  artifactKey: Guid(c1cd6a6ceca0b4989adf08f59fc29f14) Importer(815301076,1909f56bfc062723c751e8b465ee728b)
Start importing Assets/Scripts/UI using Guid(c1cd6a6ceca0b4989adf08f59fc29f14) Importer(815301076,1909f56bfc062723c751e8b465ee728b)  -> (artifact id: 'efea6107237c924477074b4ac4c6a6e4') in 0.001014 seconds
  Import took 0.003421 seconds .

========================================================================
Received Import Request.
  Time since last request: 1.565657 seconds.
  path: Assets/Scripts/Game Play
  artifactKey: Guid(a087be7462c074d6586f39f30a33db93) Importer(815301076,1909f56bfc062723c751e8b465ee728b)
Start importing Assets/Scripts/Game Play using Guid(a087be7462c074d6586f39f30a33db93) Importer(815301076,1909f56bfc062723c751e8b465ee728b)  -> (artifact id: '8297e1162124eca72f872ee6b55e0da5') in 0.002131 seconds
  Import took 0.004686 seconds .

========================================================================
Received Import Request.
  Time since last request: 1.166313 seconds.
  path: Assets/Scripts/Game Play/Models
  artifactKey: Guid(9434e294c8ecf4fe991778e0e41272f6) Importer(815301076,1909f56bfc062723c751e8b465ee728b)
Start importing Assets/Scripts/Game Play/Models using Guid(9434e294c8ecf4fe991778e0e41272f6) Importer(815301076,1909f56bfc062723c751e8b465ee728b)  -> (artifact id: '841461cf1c736e4ebb4f17b281069c23') in 0.006301 seconds
  Import took 0.008772 seconds .

========================================================================
Received Import Request.
  Time since last request: 1.348601 seconds.
  path: Assets/Scripts/Game Play/Models/Creatures.cs
  artifactKey: Guid(13c88ea1f38d14cc2823148e0a423566) Importer(815301076,1909f56bfc062723c751e8b465ee728b)
Start importing Assets/Scripts/Game Play/Models/Creatures.cs using Guid(13c88ea1f38d14cc2823148e0a423566) Importer(815301076,1909f56bfc062723c751e8b465ee728b)  -> (artifact id: '372418168c7e8eedc2bce61f2d3bf175') in 0.275162 seconds
  Import took 0.277327 seconds .

========================================================================
Received Import Request.
  Time since last request: 1.742210 seconds.
  path: Assets/Scripts/Game Play/Models/PlayerSaveData.cs
  artifactKey: Guid(c4bec5dcef831464098a1db707744e61) Importer(815301076,1909f56bfc062723c751e8b465ee728b)
Start importing Assets/Scripts/Game Play/Models/PlayerSaveData.cs using Guid(c4bec5dcef831464098a1db707744e61) Importer(815301076,1909f56bfc062723c751e8b465ee728b)  -> (artifact id: '6fd1f41031b824a99d3cac873e684191') in 0.006798 seconds
  Import took 0.008918 seconds .

========================================================================
Received Import Request.
  Time since last request: 0.021467 seconds.
  path: Assets/Scripts/Game Play/Models/PlayerSaveData.cs
  artifactKey: Guid(c4bec5dcef831464098a1db707744e61) Importer(815301076,1909f56bfc062723c751e8b465ee728b)
Start importing Assets/Scripts/Game Play/Models/PlayerSaveData.cs using Guid(c4bec5dcef831464098a1db707744e61) Importer(815301076,1909f56bfc062723c751e8b465ee728b)  -> (artifact id: '6fd1f41031b824a99d3cac873e684191') in 0.001321 seconds
  Import took 0.004776 seconds .

========================================================================
Received Prepare
Registering precompiled user dll's ...
Registered in 0.000349 seconds.
Begin MonoManager ReloadAssembly
Native extension for WindowsStandalone target not found
Native extension for OSXStandalone target not found
Refreshing native plugins compatible for Editor in 0.28 ms, found 1 plugins.
Preloading 0 native plugins for Editor in 0.00 ms.
Invoked RoslynAnalysisRunner static constructor.
RoslynAnalysisRunner will not be running.
RoslynAnalysisRunner has terminated.
Mono: successfully reloaded assembly
- Completed reload, in  0.857 seconds
Platform modules already initialized, skipping
Refreshing native plugins compatible for Editor in 0.32 ms, found 1 plugins.
Preloading 0 native plugins for Editor in 0.00 ms.
Unloading 1554 Unused Serialized files (Serialized files now loaded: 0)
System memory in use before: 135.3 MB.
System memory in use after: 135.4 MB.

Unloading 5 unused Assets to reduce memory usage. Loaded Objects now: 2016.
Total: 1.565089 ms (FindLiveObjects: 0.227555 ms CreateObjectMapping: 0.037925 ms MarkObjects: 1.288949 ms  DeleteObjects: 0.010028 ms)

========================================================================
Received Import Request.
  Time since last request: 851.956363 seconds.
  path: Assets/Scripts/Game Play/Models/PlayerSaveData.cs
  artifactKey: Guid(c4bec5dcef831464098a1db707744e61) Importer(815301076,1909f56bfc062723c751e8b465ee728b)
Start importing Assets/Scripts/Game Play/Models/PlayerSaveData.cs using Guid(c4bec5dcef831464098a1db707744e61) Importer(815301076,1909f56bfc062723c751e8b465ee728b)  -> (artifact id: '5f55ee1784d050e5109ff0bb17ea9c67') in 0.003306 seconds
  Import took 0.005128 seconds .

========================================================================
Received Import Request.
  Time since last request: 389.130581 seconds.
  path: Assets/Scripts/Game Play/CsvReader.cs
  artifactKey: Guid(e1e7294b80e204cbd99d4f41afb14679) Importer(815301076,1909f56bfc062723c751e8b465ee728b)
Start importing Assets/Scripts/Game Play/CsvReader.cs using Guid(e1e7294b80e204cbd99d4f41afb14679) Importer(815301076,1909f56bfc062723c751e8b465ee728b)  -> (artifact id: '1505f3cc1ad0871a7a15120259f43bc6') in 0.003524 seconds
  Import took 0.007667 seconds .

========================================================================
Received Prepare
Registering precompiled user dll's ...
Registered in 0.000326 seconds.
Begin MonoManager ReloadAssembly
Native extension for WindowsStandalone target not found
Native extension for OSXStandalone target not found
Refreshing native plugins compatible for Editor in 0.32 ms, found 1 plugins.
Preloading 0 native plugins for Editor in 0.00 ms.
Invoked RoslynAnalysisRunner static constructor.
RoslynAnalysisRunner will not be running.
RoslynAnalysisRunner has terminated.
Mono: successfully reloaded assembly
- Completed reload, in  0.930 seconds
Platform modules already initialized, skipping
Refreshing native plugins compatible for Editor in 0.39 ms, found 1 plugins.
Preloading 0 native plugins for Editor in 0.00 ms.
Unloading 1555 Unused Serialized files (Serialized files now loaded: 0)
System memory in use before: 135.6 MB.
System memory in use after: 135.7 MB.

Unloading 5 unused Assets to reduce memory usage. Loaded Objects now: 2021.
Total: 2.116667 ms (FindLiveObjects: 0.241574 ms CreateObjectMapping: 0.083581 ms MarkObjects: 1.773964 ms  DeleteObjects: 0.016358 ms)

========================================================================
Received Prepare
Registering precompiled user dll's ...
Registered in 0.000443 seconds.
Begin MonoManager ReloadAssembly
Native extension for WindowsStandalone target not found
Native extension for OSXStandalone target not found
Refreshing native plugins compatible for Editor in 0.38 ms, found 1 plugins.
Preloading 0 native plugins for Editor in 0.00 ms.
Invoked RoslynAnalysisRunner static constructor.
RoslynAnalysisRunner will not be running.
RoslynAnalysisRunner has terminated.
Mono: successfully reloaded assembly
- Completed reload, in  1.024 seconds
Platform modules already initialized, skipping
Refreshing native plugins compatible for Editor in 0.27 ms, found 1 plugins.
Preloading 0 native plugins for Editor in 0.00 ms.
Unloading 1555 Unused Serialized files (Serialized files now loaded: 0)
System memory in use before: 135.8 MB.
System memory in use after: 135.9 MB.

Unloading 5 unused Assets to reduce memory usage. Loaded Objects now: 2025.
Total: 1.491933 ms (FindLiveObjects: 0.146239 ms CreateObjectMapping: 0.043855 ms MarkObjects: 1.290382 ms  DeleteObjects: 0.010769 ms)

========================================================================
Received Import Request.
  Time since last request: 13.986561 seconds.
  path: Assets/Scripts/Game Play/CsvReader.cs
  artifactKey: Guid(e1e7294b80e204cbd99d4f41afb14679) Importer(815301076,1909f56bfc062723c751e8b465ee728b)
Start importing Assets/Scripts/Game Play/CsvReader.cs using Guid(e1e7294b80e204cbd99d4f41afb14679) Importer(815301076,1909f56bfc062723c751e8b465ee728b)  -> (artifact id: 'a3f7f29754688d38a323dcf0db8172d2') in 0.003471 seconds
  Import took 0.005527 seconds .

========================================================================
Received Import Request.
  Time since last request: 180.740623 seconds.
  path: Assets/Scripts/Game Play/CsvReader.cs
  artifactKey: Guid(e1e7294b80e204cbd99d4f41afb14679) Importer(815301076,1909f56bfc062723c751e8b465ee728b)
Start importing Assets/Scripts/Game Play/CsvReader.cs using Guid(e1e7294b80e204cbd99d4f41afb14679) Importer(815301076,1909f56bfc062723c751e8b465ee728b)  -> (artifact id: '27cf80a0eb59bcaaf5c2f24392402aaa') in 0.002013 seconds
  Import took 0.004813 seconds .

========================================================================
Received Prepare
Registering precompiled user dll's ...
Registered in 0.000486 seconds.
Begin MonoManager ReloadAssembly
Native extension for WindowsStandalone target not found
Native extension for OSXStandalone target not found
Refreshing native plugins compatible for Editor in 0.27 ms, found 1 plugins.
Preloading 0 native plugins for Editor in 0.00 ms.
Invoked RoslynAnalysisRunner static constructor.
RoslynAnalysisRunner will not be running.
RoslynAnalysisRunner has terminated.
Mono: successfully reloaded assembly
- Completed reload, in  0.872 seconds
Platform modules already initialized, skipping
Refreshing native plugins compatible for Editor in 0.25 ms, found 1 plugins.
Preloading 0 native plugins for Editor in 0.00 ms.
Unloading 1555 Unused Serialized files (Serialized files now loaded: 0)
System memory in use before: 136.0 MB.
System memory in use after: 136.1 MB.

Unloading 5 unused Assets to reduce memory usage. Loaded Objects now: 2029.
Total: 1.614408 ms (FindLiveObjects: 0.236449 ms CreateObjectMapping: 0.059949 ms MarkObjects: 1.307819 ms  DeleteObjects: 0.009492 ms)

========================================================================
Received Import Request.
  Time since last request: 670.337613 seconds.
  path: Assets/Scripts/Game Play/CsvReader.cs
  artifactKey: Guid(e1e7294b80e204cbd99d4f41afb14679) Importer(815301076,1909f56bfc062723c751e8b465ee728b)
Start importing Assets/Scripts/Game Play/CsvReader.cs using Guid(e1e7294b80e204cbd99d4f41afb14679) Importer(815301076,1909f56bfc062723c751e8b465ee728b)  -> (artifact id: '2546e792cd28f880661f440d6c12ac76') in 0.003234 seconds
  Import took 0.004995 seconds .

========================================================================
Received Import Request.
  Time since last request: 6.000807 seconds.
  path: Assets/Scripts/Game Play/Data
  artifactKey: Guid(42f43f60b170543949c2aeab0b50d777) Importer(815301076,1909f56bfc062723c751e8b465ee728b)
Start importing Assets/Scripts/Game Play/Data using Guid(42f43f60b170543949c2aeab0b50d777) Importer(815301076,1909f56bfc062723c751e8b465ee728b)  -> (artifact id: '61219ae1d6fdca0a2615df375c4eb107') in 0.003081 seconds
  Import took 0.006544 seconds .

========================================================================
Received Prepare
Registering precompiled user dll's ...
Registered in 0.000425 seconds.
Begin MonoManager ReloadAssembly
Native extension for WindowsStandalone target not found
Native extension for OSXStandalone target not found
Refreshing native plugins compatible for Editor in 0.29 ms, found 1 plugins.
Preloading 0 native plugins for Editor in 0.00 ms.
Invoked RoslynAnalysisRunner static constructor.
RoslynAnalysisRunner will not be running.
RoslynAnalysisRunner has terminated.
Mono: successfully reloaded assembly
- Completed reload, in  0.933 seconds
Platform modules already initialized, skipping
Refreshing native plugins compatible for Editor in 0.27 ms, found 1 plugins.
Preloading 0 native plugins for Editor in 0.00 ms.
Unloading 1555 Unused Serialized files (Serialized files now loaded: 0)
System memory in use before: 136.2 MB.
System memory in use after: 136.3 MB.

Unloading 5 unused Assets to reduce memory usage. Loaded Objects now: 2033.
Total: 1.780911 ms (FindLiveObjects: 0.455259 ms CreateObjectMapping: 0.050443 ms MarkObjects: 1.263099 ms  DeleteObjects: 0.011440 ms)

========================================================================
Received Prepare
Registering precompiled user dll's ...
Registered in 0.000385 seconds.
Begin MonoManager ReloadAssembly
Native extension for WindowsStandalone target not found
Native extension for OSXStandalone target not found
Refreshing native plugins compatible for Editor in 0.26 ms, found 1 plugins.
Preloading 0 native plugins for Editor in 0.00 ms.
Invoked RoslynAnalysisRunner static constructor.
RoslynAnalysisRunner will not be running.
RoslynAnalysisRunner has terminated.
Mono: successfully reloaded assembly
- Completed reload, in  0.880 seconds
Platform modules already initialized, skipping
Refreshing native plugins compatible for Editor in 0.27 ms, found 1 plugins.
Preloading 0 native plugins for Editor in 0.00 ms.
Unloading 1555 Unused Serialized files (Serialized files now loaded: 0)
System memory in use before: 136.4 MB.
System memory in use after: 136.5 MB.

Unloading 5 unused Assets to reduce memory usage. Loaded Objects now: 2037.
Total: 1.991447 ms (FindLiveObjects: 0.231636 ms CreateObjectMapping: 0.045565 ms MarkObjects: 1.701006 ms  DeleteObjects: 0.012142 ms)

========================================================================
Received Prepare
Registering precompiled user dll's ...
Registered in 0.000511 seconds.
Begin MonoManager ReloadAssembly
Native extension for WindowsStandalone target not found
Native extension for OSXStandalone target not found
Refreshing native plugins compatible for Editor in 0.27 ms, found 1 plugins.
Preloading 0 native plugins for Editor in 0.00 ms.
Invoked RoslynAnalysisRunner static constructor.
RoslynAnalysisRunner will not be running.
RoslynAnalysisRunner has terminated.
Mono: successfully reloaded assembly
- Completed reload, in  0.925 seconds
Platform modules already initialized, skipping
Refreshing native plugins compatible for Editor in 0.27 ms, found 1 plugins.
Preloading 0 native plugins for Editor in 0.00 ms.
Unloading 1555 Unused Serialized files (Serialized files now loaded: 0)
System memory in use before: 136.6 MB.
System memory in use after: 136.7 MB.

Unloading 5 unused Assets to reduce memory usage. Loaded Objects now: 2041.
Total: 2.207166 ms (FindLiveObjects: 0.309510 ms CreateObjectMapping: 0.129824 ms MarkObjects: 1.751067 ms  DeleteObjects: 0.015385 ms)

========================================================================
Received Prepare
Registering precompiled user dll's ...
Registered in 0.000427 seconds.
Begin MonoManager ReloadAssembly
Native extension for WindowsStandalone target not found
Native extension for OSXStandalone target not found
Refreshing native plugins compatible for Editor in 0.27 ms, found 1 plugins.
Preloading 0 native plugins for Editor in 0.00 ms.
Invoked RoslynAnalysisRunner static constructor.
RoslynAnalysisRunner will not be running.
RoslynAnalysisRunner has terminated.
Mono: successfully reloaded assembly
- Completed reload, in  0.893 seconds
Platform modules already initialized, skipping
Refreshing native plugins compatible for Editor in 0.27 ms, found 1 plugins.
Preloading 0 native plugins for Editor in 0.00 ms.
Unloading 1555 Unused Serialized files (Serialized files now loaded: 0)
System memory in use before: 136.8 MB.
System memory in use after: 136.9 MB.

Unloading 5 unused Assets to reduce memory usage. Loaded Objects now: 2045.
Total: 1.659951 ms (FindLiveObjects: 0.233986 ms CreateObjectMapping: 0.047693 ms MarkObjects: 1.366505 ms  DeleteObjects: 0.011054 ms)

========================================================================
Received Prepare
Registering precompiled user dll's ...
Registered in 0.000375 seconds.
Begin MonoManager ReloadAssembly
Native extension for WindowsStandalone target not found
Native extension for OSXStandalone target not found
Refreshing native plugins compatible for Editor in 0.27 ms, found 1 plugins.
Preloading 0 native plugins for Editor in 0.00 ms.
Invoked RoslynAnalysisRunner static constructor.
RoslynAnalysisRunner will not be running.
RoslynAnalysisRunner has terminated.
Mono: successfully reloaded assembly
- Completed reload, in  0.864 seconds
Platform modules already initialized, skipping
Refreshing native plugins compatible for Editor in 0.22 ms, found 1 plugins.
Preloading 0 native plugins for Editor in 0.00 ms.
Unloading 1555 Unused Serialized files (Serialized files now loaded: 0)
System memory in use before: 137.0 MB.
System memory in use after: 137.1 MB.

Unloading 5 unused Assets to reduce memory usage. Loaded Objects now: 2049.
Total: 1.700644 ms (FindLiveObjects: 0.208560 ms CreateObjectMapping: 0.043212 ms MarkObjects: 1.437413 ms  DeleteObjects: 0.010630 ms)

========================================================================
Received Prepare
Registering precompiled user dll's ...
Registered in 0.000384 seconds.
Begin MonoManager ReloadAssembly
Native extension for WindowsStandalone target not found
Native extension for OSXStandalone target not found
Refreshing native plugins compatible for Editor in 0.26 ms, found 1 plugins.
Preloading 0 native plugins for Editor in 0.00 ms.
Invoked RoslynAnalysisRunner static constructor.
RoslynAnalysisRunner will not be running.
RoslynAnalysisRunner has terminated.
Mono: successfully reloaded assembly
- Completed reload, in  0.854 seconds
Platform modules already initialized, skipping
Refreshing native plugins compatible for Editor in 0.23 ms, found 1 plugins.
Preloading 0 native plugins for Editor in 0.00 ms.
Unloading 1555 Unused Serialized files (Serialized files now loaded: 0)
System memory in use before: 137.1 MB.
System memory in use after: 137.2 MB.

Unloading 5 unused Assets to reduce memory usage. Loaded Objects now: 2053.
Total: 1.554166 ms (FindLiveObjects: 0.231890 ms CreateObjectMapping: 0.045579 ms MarkObjects: 1.265833 ms  DeleteObjects: 0.010216 ms)

========================================================================
Received Prepare
Registering precompiled user dll's ...
Registered in 0.000358 seconds.
Begin MonoManager ReloadAssembly
Native extension for WindowsStandalone target not found
Native extension for OSXStandalone target not found
Refreshing native plugins compatible for Editor in 0.26 ms, found 1 plugins.
Preloading 0 native plugins for Editor in 0.00 ms.
Invoked RoslynAnalysisRunner static constructor.
RoslynAnalysisRunner will not be running.
RoslynAnalysisRunner has terminated.
Mono: successfully reloaded assembly
- Completed reload, in  0.866 seconds
Platform modules already initialized, skipping
Refreshing native plugins compatible for Editor in 0.27 ms, found 1 plugins.
Preloading 0 native plugins for Editor in 0.00 ms.
Unloading 1555 Unused Serialized files (Serialized files now loaded: 0)
System memory in use before: 137.3 MB.
System memory in use after: 137.5 MB.

Unloading 5 unused Assets to reduce memory usage. Loaded Objects now: 2057.
Total: 1.680334 ms (FindLiveObjects: 0.235124 ms CreateObjectMapping: 0.044110 ms MarkObjects: 1.389988 ms  DeleteObjects: 0.010402 ms)

========================================================================
Received Prepare
Registering precompiled user dll's ...
Registered in 0.000399 seconds.
Begin MonoManager ReloadAssembly
Native extension for WindowsStandalone target not found
Native extension for OSXStandalone target not found
Refreshing native plugins compatible for Editor in 0.27 ms, found 1 plugins.
Preloading 0 native plugins for Editor in 0.00 ms.
Invoked RoslynAnalysisRunner static constructor.
RoslynAnalysisRunner will not be running.
RoslynAnalysisRunner has terminated.
Mono: successfully reloaded assembly
- Completed reload, in  0.886 seconds
Platform modules already initialized, skipping
Refreshing native plugins compatible for Editor in 0.28 ms, found 1 plugins.
Preloading 0 native plugins for Editor in 0.00 ms.
Unloading 1555 Unused Serialized files (Serialized files now loaded: 0)
System memory in use before: 137.6 MB.
System memory in use after: 137.7 MB.

Unloading 5 unused Assets to reduce memory usage. Loaded Objects now: 2061.
Total: 2.081055 ms (FindLiveObjects: 0.269342 ms CreateObjectMapping: 0.159948 ms MarkObjects: 1.639278 ms  DeleteObjects: 0.011575 ms)

